<?xml version="1.0" encoding="UTF-8" standalone="no"?><testsuites><testsuite errors="5" failures="0" hostname="3232BDC0059900EC_samsung_GT-I9000" name="com.octo.android.rest.client.test" tests="13" time="0,0000" timestamp="Fri Jul 20 13:29:23 CEST 2012"><properties>
[...]
</properties><testcase classname="com.octo.android.rest.client.test.HelloAndroidTest" name="testActivity" time="1,9560"/><testcase classname="com.octo.android.rest.client.test.persistence.BinaryPersistenceManagerTest" name="test_canHandleInputStreams" time="1,4050"/><testcase classname="com.octo.android.rest.client.test.persistence.BinaryPersistenceManagerTest" name="test_loadDataFromCache" time="1,2030"><error message="/toto: open failed: EROFS (Read-only file system)" type="java.io.FileNotFoundException">java.io.FileNotFoundException: /toto: open failed: EROFS (Read-only file system)&#13;
at libcore.io.IoBridge.open(IoBridge.java:406)&#13;
at java.io.FileOutputStream.&lt;init&gt;(FileOutputStream.java:88)&#13;
at com.google.common.io.Files$2.getOutput(Files.java:141)&#13;
at com.google.common.io.Files$2.getOutput(Files.java:138)&#13;
at com.google.common.io.ByteStreams.write(ByteStreams.java:95)&#13;
at com.octo.android.rest.client.persistence.simple.BinaryPersistenceManager.saveDataToCacheAndReturnData(BinaryPersistenceManager.java:36)&#13;
at com.octo.android.rest.client.test.persistence.BinaryPersistenceManagerTest.test_loadDataFromCache(BinaryPersistenceManagerTest.java:49)&#13;
at java.lang.reflect.Method.invokeNative(Native Method)&#13;
at android.test.InstrumentationTestCase.runMethod(InstrumentationTestCase.java:214)&#13;
at android.test.InstrumentationTestCase.runTest(InstrumentationTestCase.java:199)&#13;
at android.test.ActivityInstrumentationTestCase2.runTest(ActivityInstrumentationTestCase2.java:192)&#13;
at android.test.AndroidTestRunner.runTest(AndroidTestRunner.java:169)&#13;
at android.test.AndroidTestRunner.runTest(AndroidTestRunner.java:154)&#13;
at android.test.InstrumentationTestRunner.onStart(InstrumentationTestRunner.java:545)&#13;
at android.app.Instrumentation$InstrumentationThread.run(Instrumentation.java:1551)&#13;
Caused by: libcore.io.ErrnoException: open failed: EROFS (Read-only file system)&#13;
at libcore.io.Posix.open(Native Method)&#13;
at libcore.io.BlockGuardOs.open(BlockGuardOs.java:110)&#13;
at libcore.io.IoBridge.open(IoBridge.java:390)&#13;
... 20 more&#13;
</error></testcase><testcase classname="com.octo.android.rest.client.test.persistence.BinaryPersistenceManagerTest" name="test_saveDataAndReturnData" time="0,9400"><error message="/toto: open failed: EROFS (Read-only file system)" type="java.io.FileNotFoundException">java.io.FileNotFoundException: /toto: open failed: EROFS (Read-only file system)&#13;
at libcore.io.IoBridge.open(IoBridge.java:406)&#13;
at java.io.FileOutputStream.&lt;init&gt;(FileOutputStream.java:88)&#13;
at com.google.common.io.Files$2.getOutput(Files.java:141)&#13;
at com.google.common.io.Files$2.getOutput(Files.java:138)&#13;
at com.google.common.io.ByteStreams.write(ByteStreams.java:95)&#13;
at com.octo.android.rest.client.persistence.simple.BinaryPersistenceManager.saveDataToCacheAndReturnData(BinaryPersistenceManager.java:36)&#13;
at com.octo.android.rest.client.test.persistence.BinaryPersistenceManagerTest.test_saveDataAndReturnData(BinaryPersistenceManagerTest.java:40)&#13;
at java.lang.reflect.Method.invokeNative(Native Method)&#13;
at android.test.InstrumentationTestCase.runMethod(InstrumentationTestCase.java:214)&#13;
at android.test.InstrumentationTestCase.runTest(InstrumentationTestCase.java:199)&#13;
at android.test.ActivityInstrumentationTestCase2.runTest(ActivityInstrumentationTestCase2.java:192)&#13;
at android.test.AndroidTestRunner.runTest(AndroidTestRunner.java:169)&#13;
at android.test.AndroidTestRunner.runTest(AndroidTestRunner.java:154)&#13;
at android.test.InstrumentationTestRunner.onStart(InstrumentationTestRunner.java:545)&#13;
at android.app.Instrumentation$InstrumentationThread.run(Instrumentation.java:1551)&#13;
Caused by: libcore.io.ErrnoException: open failed: EROFS (Read-only file system)&#13;
at libcore.io.Posix.open(Native Method)&#13;
at libcore.io.BlockGuardOs.open(BlockGuardOs.java:110)&#13;
at libcore.io.IoBridge.open(IoBridge.java:390)&#13;
... 20 more&#13;
</error></testcase><testcase classname="com.octo.android.rest.client.test.persistence.CreditStatusPersistenceManagerTest" name="test_canHandleClientRequestStatus" time="0,9410"/><testcase classname="com.octo.android.rest.client.test.persistence.CreditStatusPersistenceManagerTest" name="test_loadDataFromCache" time="0,8100"><error message="/toto: open failed: EROFS (Read-only file system)" type="java.io.FileNotFoundException">java.io.FileNotFoundException: /toto: open failed: EROFS (Read-only file system)&#13;
at libcore.io.IoBridge.open(IoBridge.java:406)&#13;
at java.io.FileOutputStream.&lt;init&gt;(FileOutputStream.java:88)&#13;
at com.google.common.io.Files$2.getOutput(Files.java:141)&#13;
at com.google.common.io.Files$2.getOutput(Files.java:138)&#13;
at com.google.common.io.CharStreams$3.getOutput(CharStreams.java:114)&#13;
at com.google.common.io.CharStreams$3.getOutput(CharStreams.java:111)&#13;
at com.google.common.io.CharStreams.write(CharStreams.java:131)&#13;
at com.google.common.io.Files.write(Files.java:355)&#13;
at com.google.common.io.Files.write(Files.java:324)&#13;
at com.octo.android.rest.client.persistence.json.JSonPersistenceManager.saveDataToCacheAndReturnData(JSonPersistenceManager.java:75)&#13;
at com.octo.android.rest.client.persistence.json.JSonPersistenceManager.saveDataToCacheAndReturnData(JSonPersistenceManager.java:21)&#13;
at com.octo.android.rest.client.test.persistence.CreditStatusPersistenceManagerTest.test_loadDataFromCache(CreditStatusPersistenceManagerTest.java:47)&#13;
at java.lang.reflect.Method.invokeNative(Native Method)&#13;
at android.test.InstrumentationTestCase.runMethod(InstrumentationTestCase.java:214)&#13;
at android.test.InstrumentationTestCase.runTest(InstrumentationTestCase.java:199)&#13;
at android.test.ActivityInstrumentationTestCase2.runTest(ActivityInstrumentationTestCase2.java:192)&#13;
at android.test.AndroidTestRunner.runTest(AndroidTestRunner.java:169)&#13;
at android.test.AndroidTestRunner.runTest(AndroidTestRunner.java:154)&#13;
at android.test.InstrumentationTestRunner.onStart(InstrumentationTestRunner.java:545)&#13;
at android.app.Instrumentation$InstrumentationThread.run(Instrumentation.java:1551)&#13;
Caused by: libcore.io.ErrnoException: open failed: EROFS (Read-only file system)&#13;
at libcore.io.Posix.open(Native Method)&#13;
at libcore.io.BlockGuardOs.open(BlockGuardOs.java:110)&#13;
at libcore.io.IoBridge.open(IoBridge.java:390)&#13;
... 25 more&#13;
</error></testcase><testcase classname="com.octo.android.rest.client.test.persistence.CreditStatusPersistenceManagerTest" name="test_saveDataAndReturnData" time="0,8830"><error message="/toto: open failed: EROFS (Read-only file system)" type="java.io.FileNotFoundException">java.io.FileNotFoundException: /toto: open failed: EROFS (Read-only file system)&#13;
at libcore.io.IoBridge.open(IoBridge.java:406)&#13;
at java.io.FileOutputStream.&lt;init&gt;(FileOutputStream.java:88)&#13;
at com.google.common.io.Files$2.getOutput(Files.java:141)&#13;
at com.google.common.io.Files$2.getOutput(Files.java:138)&#13;
at com.google.common.io.CharStreams$3.getOutput(CharStreams.java:114)&#13;
at com.google.common.io.CharStreams$3.getOutput(CharStreams.java:111)&#13;
at com.google.common.io.CharStreams.write(CharStreams.java:131)&#13;
at com.google.common.io.Files.write(Files.java:355)&#13;
at com.google.common.io.Files.write(Files.java:324)&#13;
at com.octo.android.rest.client.persistence.json.JSonPersistenceManager.saveDataToCacheAndReturnData(JSonPersistenceManager.java:75)&#13;
at com.octo.android.rest.client.persistence.json.JSonPersistenceManager.saveDataToCacheAndReturnData(JSonPersistenceManager.java:21)&#13;
at com.octo.android.rest.client.test.persistence.CreditStatusPersistenceManagerTest.test_saveDataAndReturnData(CreditStatusPersistenceManagerTest.java:39)&#13;
at java.lang.reflect.Method.invokeNative(Native Method)&#13;
at android.test.InstrumentationTestCase.runMethod(InstrumentationTestCase.java:214)&#13;
at android.test.InstrumentationTestCase.runTest(InstrumentationTestCase.java:199)&#13;
at android.test.ActivityInstrumentationTestCase2.runTest(ActivityInstrumentationTestCase2.java:192)&#13;
at android.test.AndroidTestRunner.runTest(AndroidTestRunner.java:169)&#13;
at android.test.AndroidTestRunner.runTest(AndroidTestRunner.java:154)&#13;
at android.test.InstrumentationTestRunner.onStart(InstrumentationTestRunner.java:545)&#13;
at android.app.Instrumentation$InstrumentationThread.run(Instrumentation.java:1551)&#13;
Caused by: libcore.io.ErrnoException: open failed: EROFS (Read-only file system)&#13;
at libcore.io.Posix.open(Native Method)&#13;
at libcore.io.BlockGuardOs.open(BlockGuardOs.java:110)&#13;
at libcore.io.IoBridge.open(IoBridge.java:390)&#13;
... 25 more&#13;
</error></testcase><testcase classname="com.octo.android.rest.client.test.persistence.StringPersistenceManagerTest" name="test_canHandleStrings" time="1,1220"/><testcase classname="com.octo.android.rest.client.test.persistence.StringPersistenceManagerTest" name="test_loadDataFromCache" time="0,9140"/><testcase classname="com.octo.android.rest.client.test.persistence.StringPersistenceManagerTest" name="test_saveDataAndReturnData" time="0,9650"/><testcase classname="com.octo.android.rest.client.test.request.SimpleTextRequestTest" name="test_loadDataFromCache" time="0,3410"><error message="" type="Test failed to run to completion. Reason">Test failed to run to completion. Reason: 'Instrumentation run failed due to 'java.lang.NullPointerException''. Check device logcat for details</error></testcase></testsuite></testsuites>