<?xml version="1.0" encoding="UTF-8" standalone="no"?><testsuites><testsuite errors="0" failures="0" hostname="3232BDC0059900EC_samsung_GT-I9000" name="com.octo.android.rest.client.test" tests="13" time="17,7980" timestamp="Fri Jul 27 09:40:05 CEST 2012"><properties>
[...]
</properties><testcase classname="com.octo.android.rest.client.test.HelloAndroidTest" name="testActivity" time="1,8190"/><testcase classname="com.octo.android.rest.client.test.persistence.BinaryPersistenceManagerTest" name="test_canHandleInputStreams" time="0,7540"/><testcase classname="com.octo.android.rest.client.test.persistence.BinaryPersistenceManagerTest" name="test_loadDataFromCache" time="0,8050"/><testcase classname="com.octo.android.rest.client.test.persistence.BinaryPersistenceManagerTest" name="test_saveDataAndReturnData" time="0,8300"/><testcase classname="com.octo.android.rest.client.test.persistence.CreditStatusPersistenceManagerTest" name="test_canHandleClientRequestStatus" time="0,7550"/><testcase classname="com.octo.android.rest.client.test.persistence.CreditStatusPersistenceManagerTest" name="test_loadDataFromCache" time="1,1170"/><testcase classname="com.octo.android.rest.client.test.persistence.CreditStatusPersistenceManagerTest" name="test_saveDataAndReturnData" time="0,8560"/><testcase classname="com.octo.android.rest.client.test.persistence.StringPersistenceManagerTest" name="test_canHandleStrings" time="0,8050"/><testcase classname="com.octo.android.rest.client.test.persistence.StringPersistenceManagerTest" name="test_loadDataFromCache" time="0,8330"/><testcase classname="com.octo.android.rest.client.test.persistence.StringPersistenceManagerTest" name="test_saveDataAndReturnData" time="0,9310"/><testcase classname="com.octo.android.rest.client.test.request.SimpleTextRequestTest" name="test_loadDataFromCache" time="0,9620"/><testcase classname="com.octo.android.rest.client.test.request.SimpleTextRequestTest" name="test_loadDataFromNetwork" time="6,4140"/><testcase classname="com.octo.android.rest.client.test.request.SimpleTextRequestTest" name="test_saveDataAndReturnData" time="0,8320"/></testsuite></testsuites>